{
  "stats": {
    "suites": 1,
    "tests": 8,
    "passes": 8,
    "pending": 0,
    "failures": 0,
    "start": "2023-05-08T16:57:26.377Z",
    "end": "2023-05-08T16:58:05.967Z",
    "duration": 39590,
    "testsRegistered": 8,
    "passPercent": 100,
    "pendingPercent": 0,
    "other": 0,
    "hasOther": false,
    "skipped": 0,
    "hasSkipped": false
  },
  "results": [
    {
      "uuid": "379bab64-1746-4a14-9d74-7f2111161d12",
      "title": "",
      "fullFile": "C:\\Users\\emitr\\Desktop\\NISF Event App\\test\\seleniumTests\\updateEvent.test.js",
      "file": "\\test\\seleniumTests\\updateEvent.test.js",
      "beforeHooks": [],
      "afterHooks": [],
      "tests": [],
      "suites": [
        {
          "uuid": "743c6c9c-ec10-43e5-8944-c70d6a66ad2e",
          "title": "Edit an event",
          "fullFile": "C:\\Users\\emitr\\Desktop\\NISF Event App\\test\\seleniumTests\\updateEvent.test.js",
          "file": "\\test\\seleniumTests\\updateEvent.test.js",
          "beforeHooks": [],
          "afterHooks": [],
          "tests": [
            {
              "title": "should login user",
              "fullTitle": "Edit an event should login user",
              "timedOut": false,
              "duration": 6978,
              "state": "passed",
              "speed": "slow",
              "pass": true,
              "fail": false,
              "pending": false,
              "context": null,
              "code": "until = webdriver.until\n//launch the browser\ndriver = await new webdriver.Builder().forBrowser('chrome')\n    .build()\n//navigate to application\nawait driver.get(\"http://localhost:3000/\")\ndriver.wait(until.elementLocated(By.xpath('//*[@id=\"reg-btn\"]')), 5 * 1000).then(el => {\n    el.click();\n});\n//login\nawait driver.wait(until.elementLocated(By.xpath('//*[@id=\"root\"]/section/form/div[1]/input')), 5 * 2000).then(el => {\n    el.sendKeys('haslem@gmail.com');\n});\nawait driver.wait(until.elementLocated(By.xpath('//*[@id=\"root\"]/section/form/div[2]/input')), 5 * 2000).then(el => {\n    el.sendKeys('secret');\n});\n//submit login\nawait driver.wait(until.elementLocated(By.xpath('//*[@id=\"root\"]/section/form/button')), 5 * 3000).then(el => {\n    el.click();\n});\nawait driver.sleep(5 * 1000)\nlet url = await driver.getCurrentUrl();\nexpect(url).to.equal(\"http://localhost:3000/stats\")",
              "err": {},
              "uuid": "6ed98934-a685-4f55-8eac-4aa855007ae8",
              "parentUUID": "743c6c9c-ec10-43e5-8944-c70d6a66ad2e",
              "isHook": false,
              "skipped": false
            },
            {
              "title": "should navigate to the 'all-events' page",
              "fullTitle": "Edit an event should navigate to the 'all-events' page",
              "timedOut": false,
              "duration": 5026,
              "state": "passed",
              "speed": "slow",
              "pass": true,
              "fail": false,
              "pending": false,
              "context": null,
              "code": "//navigate to all-events page\n    await driver.wait(until.elementLocated(By.xpath('//*[@id=\"root\"]/section/main/aside[2]/div/div/div/a[2]')), 5 * 3000).then(el => {\n        el.click();\n    });\n    await driver.sleep(5 * 1000)\n    let url = await driver.getCurrentUrl();\n    expect(url).to.equal(\"http://localhost:3000/\")",
              "err": {},
              "uuid": "2ebb4a9b-08ca-48cd-a3b8-c9363f193f74",
              "parentUUID": "743c6c9c-ec10-43e5-8944-c70d6a66ad2e",
              "isHook": false,
              "skipped": false
            },
            {
              "title": "should search for an event and check current values",
              "fullTitle": "Edit an event should search for an event and check current values",
              "timedOut": false,
              "duration": 7073,
              "state": "passed",
              "speed": "slow",
              "pass": true,
              "fail": false,
              "pending": false,
              "context": null,
              "code": "await driver.wait(until.elementLocated(By.xpath('//*[@id=\"root\"]/section/main/div/div/section[1]/form/div/div[1]/input')), 5 * 1000).then(el => {\n    el.sendKeys(\"Bricks 4 Kidz Workshops\");\n});\nawait driver.sleep(2000)\nlet validTitle = await driver.findElement(By.xpath('//*[@id=\"root\"]/section/main/div/div/section[2]/div/article/header/div/h5'), 5 * 1000).getText().then(function (value) {\n    return value\n})\nexpect(validTitle).to.equal(\"Bricks 4 Kidz Workshops\")\nlet currentType = await driver.wait(until.elementLocated(By.xpath('//*[@id=\"root\"]/section/main/div/div/section[2]/div/article/header/div/p')), 5 * 1000).getText().then(function (value) {\n    return value\n})\nexpect(currentType).to.equal(\"Other\")\nlet currentTheme = await driver.wait(until.elementLocated(By.xpath('//*[@id=\"root\"]/section/main/div/div/section[2]/div/article/div/div[1]/div[3]/span[2]')), 5 * 1000).getText().then(function (value) {\n    return value\n})\nexpect(currentTheme).to.equal(\"Maths & Physics\")\nawait driver.sleep(5 * 1000)",
              "err": {},
              "uuid": "2ff665c6-d73a-49b8-9376-193888941a11",
              "parentUUID": "743c6c9c-ec10-43e5-8944-c70d6a66ad2e",
              "isHook": false,
              "skipped": false
            },
            {
              "title": "should select 'edit' and navigate to 'edit-event' page",
              "fullTitle": "Edit an event should select 'edit' and navigate to 'edit-event' page",
              "timedOut": false,
              "duration": 10030,
              "state": "passed",
              "speed": "slow",
              "pass": true,
              "fail": false,
              "pending": false,
              "context": null,
              "code": "await driver.sleep(5 * 1000)\ndriver.wait(until.elementLocated(By.xpath('//*[@id=\"root\"]/section/main/div/div/section[2]/div/article/div/div[2]/a')), 5 * 1000).then(el => {\n    el.click();\n});\nawait driver.sleep(5 * 1000)\nlet url = await driver.getCurrentUrl();\nexpect(url).to.equal(\"http://localhost:3000/add-event\")",
              "err": {},
              "uuid": "563c1e8b-40bc-4afe-9188-1463264c5599",
              "parentUUID": "743c6c9c-ec10-43e5-8944-c70d6a66ad2e",
              "isHook": false,
              "skipped": false
            },
            {
              "title": "should confirm event values are in form fields",
              "fullTitle": "Edit an event should confirm event values are in form fields",
              "timedOut": false,
              "duration": 5178,
              "state": "passed",
              "speed": "slow",
              "pass": true,
              "fail": false,
              "pending": false,
              "context": null,
              "code": "await driver.sleep(5 * 1000)\n//current title\nlet currentTitle = await driver.wait(until.elementLocated(By.xpath('//*[@id=\"root\"]/section/main/div/div/section/form[1]/div[1]/div[1]/input')), 5 * 2000).getAttribute(\"value\").then(function (value) {\n    return value\n})\n// current location\nlet currentAddress1 = await driver.wait(until.elementLocated(By.xpath('//*[@id=\"root\"]/section/main/div/div/section/form[1]/div[1]/div[2]/input')), 5 * 2000).getAttribute(\"value\").then(function (value) {\n    return value\n})\nlet currentAddress2 = await driver.wait(until.elementLocated(By.xpath('//*[@id=\"root\"]/section/main/div/div/section/form[1]/div[1]/div[3]/input')), 5 * 2000).getAttribute(\"value\").then(function (value) {\n    return value\n})\nlet city = await driver.wait(until.elementLocated(By.xpath('//*[@id=\"root\"]/section/main/div/div/section/form[1]/div[1]/div[4]/input')), 5 * 2000).getAttribute(\"value\").then(function (value) {\n    return value\n})\nlet county = await driver.wait(until.elementLocated(By.xpath('//*[@id=\"Armagh\"]')), 5 * 2000).getAttribute(\"value\").then(function (value) {\n    return value\n})\nlet postCode = await driver.wait(until.elementLocated(By.xpath('//*[@id=\"root\"]/section/main/div/div/section/form[1]/div[1]/div[6]/input')), 5 * 2000).getAttribute(\"value\").then(function (value) {\n    return value\n})\nlet capacity = await driver.wait(until.elementLocated(By.xpath('//*[@id=\"root\"]/section/main/div/div/section/form[1]/div[1]/div[7]/input')), 5 * 2000).getAttribute(\"value\").then(function (value) {\n    return value\n})\nlet eventType = await driver.wait(until.elementLocated(By.xpath('//*[@id=\"Other\"]')), 5 * 2000).getAttribute(\"value\").then(function (value) {\n    return value\n})\nlet targetAudience = await driver.wait(until.elementLocated(By.xpath('//*[@id=\"0-3\"]')), 5 * 2000).getAttribute(\"value\").then(function (value) {\n    return value\n})\nlet description = await driver.wait(until.elementLocated(By.xpath('//*[@id=\"root\"]/section/main/div/div/section/form[1]/div[1]/div[10]/textarea')), 5 * 2000).getAttribute(\"value\").then(function (value) {\n    return value\n})\nlet date = await driver.wait(until.elementLocated(By.xpath('//*[@id=\"root\"]/section/main/div/div/section/form[1]/div[1]/div[12]/input')), 5 * 2000).getAttribute(\"value\").then(function (value) {\n    return value\n})\nlet startTime = await driver.wait(until.elementLocated(By.xpath('//*[@id=\"root\"]/section/main/div/div/section/form[1]/div[1]/div[13]/input')), 5 * 2000).getAttribute(\"value\").then(function (value) {\n    return value\n})\nlet endTime = await driver.wait(until.elementLocated(By.xpath('//*[@id=\"root\"]/section/main/div/div/section/form[1]/div[1]/div[14]/input')), 5 * 2000).getAttribute(\"value\").then(function (value) {\n    return value\n})\nlet admission = await driver.wait(until.elementLocated(By.xpath('//*[@id=\"root\"]/section/main/div/div/section/form[1]/div[1]/div[15]/input')), 5 * 2000).getAttribute(\"value\").then(function (value) {\n    return value\n})\nlet theme = await driver.wait(until.elementLocated(By.xpath('//*[@id=\"Maths & Physics\"]')), 5 * 2000).getAttribute(\"value\").then(function (value) {\n    return value\n})\nexpect(currentTitle).to.equal(\"Bricks 4 Kidz Workshops\")\nexpect(currentAddress1).to.equal(\"Armagh Planetarium\")\nexpect(currentAddress2).to.equal(\"College Hill\")\nexpect(city).to.equal(\"Armagh\")\nexpect(county).to.equal(\"Armagh\")\nexpect(postCode).to.equal(\"BT61 9DB\")\nexpect(capacity).to.equal(\"272\")\nexpect(eventType).to.equal(\"Other\")\nexpect(targetAudience).to.equal(\"0-3\")\nexpect(description).to.equal(\"A small group will be given an insight into what becoming a biomedical scientist entails. Researchers at different stages of their careers, including a PhD student, postdoctoral fellow and Principal Investigator will talk about their work and career paths. You will have an opportunity to chat informally with them and members of teaching staff will be on hand to explain the opportunities available within QUB. The group will then be split into subgroups and escorted with volunteers for a tour of the Wellcome-Wolfson Institute for Experimental Medicine (WWIEM) building, including the microscopy facility. The tours will return to the open event in the WWIEM atrium where “Biomedical Research in Action” will be on display from 1-5pm.\")\nexpect(date).to.equal(\"2023/02/24\")\nexpect(startTime).to.equal(\"22:34:00\")\nexpect(endTime).to.equal(\"18:00:00\")\nexpect(admission).to.equal(\"5.69\")\nexpect(theme).to.equal(\"Maths & Physics\")",
              "err": {},
              "uuid": "d9da7a9c-8255-4582-9c3e-f18db22aebc8",
              "parentUUID": "743c6c9c-ec10-43e5-8944-c70d6a66ad2e",
              "isHook": false,
              "skipped": false
            },
            {
              "title": "should submit updated event and recieve an alert",
              "fullTitle": "Edit an event should submit updated event and recieve an alert",
              "timedOut": false,
              "duration": 2600,
              "state": "passed",
              "speed": "slow",
              "pass": true,
              "fail": false,
              "pending": false,
              "context": null,
              "code": "await driver.wait(until.elementLocated(By.xpath('//*[@id=\"root\"]/section/main/div/div/section/form[1]/div[1]/div[1]/input')), 5 * 1000).clear();\ndriver.wait(until.elementLocated(By.xpath('//*[@id=\"root\"]/section/main/div/div/section/form[1]/div[1]/div[1]/input')), 5 * 1000).then(el => {\n    el.sendKeys(newTitle);\n});\nconst selectEventType = driver.wait(until.elementLocated(By.xpath('//*[@id=\"Other\"]')), 5 * 1000)\nconst selectType = new Select(selectEventType)\nawait selectType.selectByVisibleText('Workshop Event')\nawait driver.wait(until.elementLocated(By.xpath('//*[@id=\"root\"]/section/main/div/div/section/form[1]/div[2]/button[1]')), 5 * 3000).then(el => {\n    el.click();\n});\nlet validText = await driver.wait(until.elementLocated(By.xpath('//*[@id=\"alert\"]')), 5 * 2000).getText().then(function (value) {\n    return value\n})\nexpect(validText).to.equal(\"Event has been updated\")",
              "err": {},
              "uuid": "80e6a036-6742-45a5-b939-e477ed188a5c",
              "parentUUID": "743c6c9c-ec10-43e5-8944-c70d6a66ad2e",
              "isHook": false,
              "skipped": false
            },
            {
              "title": "should confirm the old details don't appear",
              "fullTitle": "Edit an event should confirm the old details don't appear",
              "timedOut": false,
              "duration": 664,
              "state": "passed",
              "speed": "slow",
              "pass": true,
              "fail": false,
              "pending": false,
              "context": null,
              "code": "driver.wait(until.elementLocated(By.xpath('//*[@id=\"root\"]/section/main/aside[2]/div/div/div/a[2]')), 5 * 1000).then(el => {\n            el.click();\n        });\n        driver.wait(until.elementLocated(By.xpath('//*[@id=\"root\"]/section/main/div/div/section[1]/form/div/div[1]/input')), 5 * 1000).then(el => {\n            el.sendKeys(\"Bricks 4 Kidz Workshops\");\n        });\n        let validText = await driver.wait(until.elementLocated(By.xpath('//*[@id=\"root\"]/section/main/div/div/h2')), 5 * 2000).getText().then(function (value) {\n            return value\n        })\n        expect(validText).to.equal(\"No Events\")",
              "err": {},
              "uuid": "403649bc-f33b-4bb4-81b9-c76b2b1cdacf",
              "parentUUID": "743c6c9c-ec10-43e5-8944-c70d6a66ad2e",
              "isHook": false,
              "skipped": false
            },
            {
              "title": "should confirm new event details appear",
              "fullTitle": "Edit an event should confirm new event details appear",
              "timedOut": false,
              "duration": 2035,
              "state": "passed",
              "speed": "slow",
              "pass": true,
              "fail": false,
              "pending": false,
              "context": null,
              "code": "driver.wait(until.elementLocated(By.xpath('//*[@id=\"root\"]/section/main/div/div/section[1]/form/div/div[1]/input')), 5 * 1000).then(el => {\n            el.sendKeys(newTitle);\n        });\n        await driver.sleep(2000)\n        let validText = await driver.wait(until.elementLocated(By.xpath('//*[@id=\"root\"]/section/main/div/div/section[2]/div/article/header/div/h5')), 5 * 2000).getText().then(function (value) {\n            return value\n        })\n        expect(validText).to.equal(\"Bricks For Kids Workshops\")\n        let newType = await driver.wait(until.elementLocated(By.xpath('//*[@id=\"root\"]/section/main/div/div/section[2]/div/article/header/div/p')), 5 * 1000).getText().then(function (value) {\n            return value\n        })\n        expect(newType).to.equal(\"Workshop Event\")",
              "err": {},
              "uuid": "26936058-3cd4-4bf2-8607-74516e62bb88",
              "parentUUID": "743c6c9c-ec10-43e5-8944-c70d6a66ad2e",
              "isHook": false,
              "skipped": false
            }
          ],
          "suites": [],
          "passes": [
            "6ed98934-a685-4f55-8eac-4aa855007ae8",
            "2ebb4a9b-08ca-48cd-a3b8-c9363f193f74",
            "2ff665c6-d73a-49b8-9376-193888941a11",
            "563c1e8b-40bc-4afe-9188-1463264c5599",
            "d9da7a9c-8255-4582-9c3e-f18db22aebc8",
            "80e6a036-6742-45a5-b939-e477ed188a5c",
            "403649bc-f33b-4bb4-81b9-c76b2b1cdacf",
            "26936058-3cd4-4bf2-8607-74516e62bb88"
          ],
          "failures": [],
          "pending": [],
          "skipped": [],
          "duration": 39584,
          "root": false,
          "rootEmpty": false,
          "_timeout": 0
        }
      ],
      "passes": [],
      "failures": [],
      "pending": [],
      "skipped": [],
      "duration": 0,
      "root": true,
      "rootEmpty": true,
      "_timeout": 0
    }
  ],
  "meta": {
    "mocha": {
      "version": "10.2.0"
    },
    "mochawesome": {
      "options": {
        "quiet": false,
        "reportFilename": "mochawesome",
        "saveHtml": true,
        "saveJson": true,
        "consoleReporter": "spec",
        "useInlineDiffs": false,
        "code": true
      },
      "version": "7.1.3"
    },
    "marge": {
      "options": null,
      "version": "6.2.0"
    }
  }
}